Using pre-set license
Built from '2020.3/china_unity/release' branch; Version is '2020.3.14f1c1 (ed787cdc2846) revision 15562876'; Using compiler version '192528614'; Build Type 'Release'
OS: 'Windows 10 Home China; OS build 19042.1110; Version 2009; 64bit' Language: 'zh' Physical Memory: 15741 MB
BatchMode: 1, IsHumanControllingUs: 0, StartBugReporterOnCrash: 0, Is64bit: 1, IsPro: 0

 COMMAND LINE ARGUMENTS:
D:\Unity\EditorFor2020\Unity\Editor\Unity.exe
-adb2
-batchMode
-noUpm
-name
AssetImportWorker0
-projectPath
D:/Unity/WorkSpase/minecraft2D
-logFile
Logs/AssetImportWorker0.log
-srvPort
49220
Successfully changed project path to: D:/Unity/WorkSpase/minecraft2D
D:/Unity/WorkSpase/minecraft2D
Using Asset Import Pipeline V2.
Refreshing native plugins compatible for Editor in 47.86 ms, found 3 plugins.
Preloading 0 native plugins for Editor in 0.00 ms.
Initialize engine version: 2020.3.14f1c1 (ed787cdc2846)
[Subsystems] Discovering subsystems at path D:/Unity/EditorFor2020/Unity/Editor/Data/Resources/UnitySubsystems
[Subsystems] Discovering subsystems at path D:/Unity/WorkSpase/minecraft2D/Assets
GfxDevice: creating device client; threaded=0
Direct3D:
    Version:  Direct3D 11.0 [level 11.1]
    Renderer: AMD Radeon(TM) Graphics (ID=0x1636)
    Vendor:   
    VRAM:     7870 MB
    Driver:   27.20.11028.10001
Initialize mono
Mono path[0] = 'D:/Unity/EditorFor2020/Unity/Editor/Data/Managed'
Mono path[1] = 'D:/Unity/EditorFor2020/Unity/Editor/Data/MonoBleedingEdge/lib/mono/unityjit'
Mono config path = 'D:/Unity/EditorFor2020/Unity/Editor/Data/MonoBleedingEdge/etc'
Using monoOptions --debugger-agent=transport=dt_socket,embedding=1,server=y,suspend=n,address=127.0.0.1:56840
Begin MonoManager ReloadAssembly
Registering precompiled unity dll's ...
Register platform support module: D:/Unity/EditorFor2020/Unity/Editor/Data/PlaybackEngines/WindowsStandaloneSupport/UnityEditor.WindowsStandalone.Extensions.dll
Registered in 0.002152 seconds.
Native extension for WindowsStandalone target not found
Refreshing native plugins compatible for Editor in 45.84 ms, found 3 plugins.
Preloading 0 native plugins for Editor in 0.00 ms.
Mono: successfully reloaded assembly
- Completed reload, in  1.262 seconds
Domain Reload Profiling:
	ReloadAssembly (1263ms)
		BeginReloadAssembly (91ms)
			ExecutionOrderSort (0ms)
			DisableScriptedObjects (0ms)
			BackupInstance (0ms)
			ReleaseScriptingObjects (0ms)
			CreateAndSetChildDomain (1ms)
		EndReloadAssembly (489ms)
			LoadAssemblies (95ms)
			RebuildTransferFunctionScriptingTraits (0ms)
			SetupTypeCache (203ms)
			ReleaseScriptCaches (0ms)
			RebuildScriptCaches (36ms)
			SetupLoadedEditorAssemblies (176ms)
				LogAssemblyErrors (0ms)
				InitializePlatformSupportModulesInManaged (3ms)
				SetLoadedEditorAssemblies (1ms)
				RefreshPlugins (46ms)
				BeforeProcessingInitializeOnLoad (10ms)
				ProcessInitializeOnLoadAttributes (84ms)
				ProcessInitializeOnLoadMethodAttributes (32ms)
				AfterProcessingInitializeOnLoad (0ms)
				EditorAssembliesLoaded (0ms)
			ExecutionOrderSort2 (0ms)
			AwakeInstancesAfterBackupRestoration (0ms)
Platform modules already initialized, skipping
Registering precompiled user dll's ...
Registered in 0.005880 seconds.
Begin MonoManager ReloadAssembly
Native extension for WindowsStandalone target not found
Refreshing native plugins compatible for Editor in 45.86 ms, found 3 plugins.
Preloading 0 native plugins for Editor in 0.00 ms.
Mono: successfully reloaded assembly
- Completed reload, in  1.278 seconds
Domain Reload Profiling:
	ReloadAssembly (1279ms)
		BeginReloadAssembly (191ms)
			ExecutionOrderSort (0ms)
			DisableScriptedObjects (4ms)
			BackupInstance (0ms)
			ReleaseScriptingObjects (0ms)
			CreateAndSetChildDomain (24ms)
		EndReloadAssembly (1023ms)
			LoadAssemblies (151ms)
			RebuildTransferFunctionScriptingTraits (0ms)
			SetupTypeCache (348ms)
			ReleaseScriptCaches (1ms)
			RebuildScriptCaches (57ms)
			SetupLoadedEditorAssemblies (378ms)
				LogAssemblyErrors (0ms)
				InitializePlatformSupportModulesInManaged (4ms)
				SetLoadedEditorAssemblies (0ms)
				RefreshPlugins (46ms)
				BeforeProcessingInitializeOnLoad (90ms)
				ProcessInitializeOnLoadAttributes (218ms)
				ProcessInitializeOnLoadMethodAttributes (17ms)
				AfterProcessingInitializeOnLoad (3ms)
				EditorAssembliesLoaded (0ms)
			ExecutionOrderSort2 (0ms)
			AwakeInstancesAfterBackupRestoration (7ms)
Platform modules already initialized, skipping
========================================================================
Worker process is ready to serve import requests
Launched and connected shader compiler UnityShaderCompiler.exe after 0.11 seconds
Refreshing native plugins compatible for Editor in 0.53 ms, found 3 plugins.
Preloading 0 native plugins for Editor in 0.00 ms.
Unloading 2128 Unused Serialized files (Serialized files now loaded: 0)
System memory in use before: 100.7 MB.
System memory in use after: 100.9 MB.

Unloading 27 unused Assets to reduce memory usage. Loaded Objects now: 2580.
Total: 3.110500 ms (FindLiveObjects: 0.286900 ms CreateObjectMapping: 0.059200 ms MarkObjects: 2.726000 ms  DeleteObjects: 0.036500 ms)

AssetImportParameters requested are different than current active one (requested -> active):
  graphicsApiMask: 2230272 -> 2099200
  custom:framework-win-MediaFoundation: 216162199b28c13a410421893ffa2e32 -> 
  custom:video-decoder-ogg-theora: a1e56fd34408186e4bbccfd4996cb3dc -> 
  custom:container-muxer-webm: aa71ff27fc2769a1b78a27578f13a17b -> 
  custom:container-demuxer-webm: 4f35f7cbe854078d1ac9338744f61a02 -> 
  custom:container-demuxer-ogg: 62fdf1f143b41e24485cea50d1cbac27 -> 
  custom:video-encoder-webm-vp8: eb34c28f22e8b96e1ab97ce403110664 -> 
  custom:video-codec-MediaFoundation-h265: 746d11721c4dcdbdad8f713fa42b33f4 -> 
  custom:video-decoder-webm-vp8: 9c59270c3fd7afecdb556c50c9e8de78 -> 
  custom:audio-decoder-ogg-vorbis: bf7c407c2cedff20999df2af8eb42d56 -> 
  custom:audio-encoder-webm-vorbis: bf7c407c2cedff20999df2af8eb42d56 -> 
========================================================================
Received Prepare
Registering precompiled user dll's ...
Registered in 0.007010 seconds.
Begin MonoManager ReloadAssembly
Native extension for WindowsStandalone target not found
Refreshing native plugins compatible for Editor in 49.74 ms, found 3 plugins.
Preloading 0 native plugins for Editor in 0.00 ms.
Mono: successfully reloaded assembly
- Completed reload, in  1.158 seconds
Domain Reload Profiling:
	ReloadAssembly (1158ms)
		BeginReloadAssembly (158ms)
			ExecutionOrderSort (0ms)
			DisableScriptedObjects (5ms)
			BackupInstance (0ms)
			ReleaseScriptingObjects (0ms)
			CreateAndSetChildDomain (39ms)
		EndReloadAssembly (936ms)
			LoadAssemblies (141ms)
			RebuildTransferFunctionScriptingTraits (0ms)
			SetupTypeCache (338ms)
			ReleaseScriptCaches (1ms)
			RebuildScriptCaches (41ms)
			SetupLoadedEditorAssemblies (321ms)
				LogAssemblyErrors (0ms)
				InitializePlatformSupportModulesInManaged (4ms)
				SetLoadedEditorAssemblies (0ms)
				RefreshPlugins (50ms)
				BeforeProcessingInitializeOnLoad (77ms)
				ProcessInitializeOnLoadAttributes (182ms)
				ProcessInitializeOnLoadMethodAttributes (5ms)
				AfterProcessingInitializeOnLoad (3ms)
				EditorAssembliesLoaded (0ms)
			ExecutionOrderSort2 (0ms)
			AwakeInstancesAfterBackupRestoration (10ms)
Platform modules already initialized, skipping
Switching build target platform(19) subTarget(0) extendedPlatform(0) -> platform(13) subTarget(537395200) extendedPlatform(0)
Refreshing native plugins compatible for Editor in 0.65 ms, found 3 plugins.
Preloading 0 native plugins for Editor in 0.00 ms.
Unloading 2918 Unused Serialized files (Serialized files now loaded: 0)
System memory in use before: 122.6 MB.
System memory in use after: 122.6 MB.

Unloading 23 unused Assets to reduce memory usage. Loaded Objects now: 3375.
Total: 4.102400 ms (FindLiveObjects: 0.457000 ms CreateObjectMapping: 0.183600 ms MarkObjects: 3.287700 ms  DeleteObjects: 0.171000 ms)

AssetImportParameters requested are different than current active one (requested -> active):
  graphicsApiMask: 2230272 -> 2099200
  custom:framework-win-MediaFoundation: 216162199b28c13a410421893ffa2e32 -> 
  custom:video-decoder-ogg-theora: a1e56fd34408186e4bbccfd4996cb3dc -> 
  custom:container-muxer-webm: aa71ff27fc2769a1b78a27578f13a17b -> 
  custom:container-demuxer-webm: 4f35f7cbe854078d1ac9338744f61a02 -> 
  custom:container-demuxer-ogg: 62fdf1f143b41e24485cea50d1cbac27 -> 
  custom:video-encoder-webm-vp8: eb34c28f22e8b96e1ab97ce403110664 -> 
  custom:video-codec-MediaFoundation-h265: 746d11721c4dcdbdad8f713fa42b33f4 -> 
  custom:video-decoder-webm-vp8: 9c59270c3fd7afecdb556c50c9e8de78 -> 
  custom:graphics/normal-map-encoding: 01000000000000000000000000000000 -> 02000000000000000000000000000000
  custom:audio-decoder-ogg-vorbis: bf7c407c2cedff20999df2af8eb42d56 -> 
  custom:audio-encoder-webm-vorbis: bf7c407c2cedff20999df2af8eb42d56 -> 
========================================================================
Received Prepare
Registering precompiled user dll's ...
Registered in 0.005255 seconds.
Begin MonoManager ReloadAssembly
Native extension for WindowsStandalone target not found
Refreshing native plugins compatible for Editor in 0.66 ms, found 3 plugins.
Preloading 0 native plugins for Editor in 0.00 ms.
Mono: successfully reloaded assembly
- Completed reload, in  1.073 seconds
Domain Reload Profiling:
	ReloadAssembly (1074ms)
		BeginReloadAssembly (149ms)
			ExecutionOrderSort (0ms)
			DisableScriptedObjects (6ms)
			BackupInstance (0ms)
			ReleaseScriptingObjects (0ms)
			CreateAndSetChildDomain (37ms)
		EndReloadAssembly (865ms)
			LoadAssemblies (142ms)
			RebuildTransferFunctionScriptingTraits (0ms)
			SetupTypeCache (313ms)
			ReleaseScriptCaches (1ms)
			RebuildScriptCaches (45ms)
			SetupLoadedEditorAssemblies (291ms)
				LogAssemblyErrors (0ms)
				InitializePlatformSupportModulesInManaged (4ms)
				SetLoadedEditorAssemblies (0ms)
				RefreshPlugins (1ms)
				BeforeProcessingInitializeOnLoad (102ms)
				ProcessInitializeOnLoadAttributes (176ms)
				ProcessInitializeOnLoadMethodAttributes (5ms)
				AfterProcessingInitializeOnLoad (2ms)
				EditorAssembliesLoaded (0ms)
			ExecutionOrderSort2 (0ms)
			AwakeInstancesAfterBackupRestoration (10ms)
Platform modules already initialized, skipping
Switching build target platform(19) subTarget(0) extendedPlatform(0) -> platform(13) subTarget(537395200) extendedPlatform(0)
Refreshing native plugins compatible for Editor in 0.65 ms, found 3 plugins.
Preloading 0 native plugins for Editor in 0.00 ms.
Unloading 2918 Unused Serialized files (Serialized files now loaded: 0)
System memory in use before: 122.7 MB.
System memory in use after: 122.7 MB.

Unloading 23 unused Assets to reduce memory usage. Loaded Objects now: 3379.
Total: 3.119700 ms (FindLiveObjects: 0.351900 ms CreateObjectMapping: 0.087600 ms MarkObjects: 2.511400 ms  DeleteObjects: 0.166800 ms)

AssetImportParameters requested are different than current active one (requested -> active):
  graphicsApiMask: 2230272 -> 2099200
  custom:framework-win-MediaFoundation: 216162199b28c13a410421893ffa2e32 -> 
  custom:video-decoder-ogg-theora: a1e56fd34408186e4bbccfd4996cb3dc -> 
  custom:container-muxer-webm: aa71ff27fc2769a1b78a27578f13a17b -> 
  custom:container-demuxer-webm: 4f35f7cbe854078d1ac9338744f61a02 -> 
  custom:container-demuxer-ogg: 62fdf1f143b41e24485cea50d1cbac27 -> 
  custom:video-encoder-webm-vp8: eb34c28f22e8b96e1ab97ce403110664 -> 
  custom:video-codec-MediaFoundation-h265: 746d11721c4dcdbdad8f713fa42b33f4 -> 
  custom:video-decoder-webm-vp8: 9c59270c3fd7afecdb556c50c9e8de78 -> 
  custom:graphics/normal-map-encoding: 01000000000000000000000000000000 -> 02000000000000000000000000000000
  custom:audio-decoder-ogg-vorbis: bf7c407c2cedff20999df2af8eb42d56 -> 
  custom:audio-encoder-webm-vorbis: bf7c407c2cedff20999df2af8eb42d56 -> 
========================================================================
Received Prepare
Registering precompiled user dll's ...
Registered in 0.011921 seconds.
Begin MonoManager ReloadAssembly
Native extension for WindowsStandalone target not found
Refreshing native plugins compatible for Editor in 0.70 ms, found 3 plugins.
Preloading 0 native plugins for Editor in 0.00 ms.
Mono: successfully reloaded assembly
- Completed reload, in  1.105 seconds
Domain Reload Profiling:
	ReloadAssembly (1106ms)
		BeginReloadAssembly (157ms)
			ExecutionOrderSort (0ms)
			DisableScriptedObjects (7ms)
			BackupInstance (0ms)
			ReleaseScriptingObjects (0ms)
			CreateAndSetChildDomain (40ms)
		EndReloadAssembly (890ms)
			LoadAssemblies (151ms)
			RebuildTransferFunctionScriptingTraits (0ms)
			SetupTypeCache (315ms)
			ReleaseScriptCaches (1ms)
			RebuildScriptCaches (49ms)
			SetupLoadedEditorAssemblies (307ms)
				LogAssemblyErrors (0ms)
				InitializePlatformSupportModulesInManaged (4ms)
				SetLoadedEditorAssemblies (0ms)
				RefreshPlugins (1ms)
				BeforeProcessingInitializeOnLoad (103ms)
				ProcessInitializeOnLoadAttributes (191ms)
				ProcessInitializeOnLoadMethodAttributes (5ms)
				AfterProcessingInitializeOnLoad (2ms)
				EditorAssembliesLoaded (0ms)
			ExecutionOrderSort2 (0ms)
			AwakeInstancesAfterBackupRestoration (11ms)
Platform modules already initialized, skipping
Switching build target platform(19) subTarget(0) extendedPlatform(0) -> platform(13) subTarget(537395200) extendedPlatform(0)
Shader 'Universal Render Pipeline/Nature/SpeedTree7': dependency 'BillboardShader' shader 'Universal Render Pipeline/Nature/SpeedTree7 Billboard' not found
Shader 'Universal Render Pipeline/Baked Lit': fallback shader 'Universal Render Pipeline/Unlit' not found
Shader 'Universal Render Pipeline/Simple Lit': fallback shader 'Hidden/Universal Render Pipeline/FallbackError' not found
Shader 'Universal Render Pipeline/Terrain/Lit': fallback shader 'Hidden/Universal Render Pipeline/FallbackError' not found
Shader 'Universal Render Pipeline/Terrain/Lit': dependency 'AddPassShader' shader 'Hidden/Universal Render Pipeline/Terrain/Lit (Add Pass)' not found
Shader 'Universal Render Pipeline/Terrain/Lit': dependency 'BaseMapShader' shader 'Hidden/Universal Render Pipeline/Terrain/Lit (Base Pass)' not found
Shader 'Universal Render Pipeline/Terrain/Lit': dependency 'BaseMapGenShader' shader 'Hidden/Universal Render Pipeline/Terrain/Lit (Basemap Gen)' not found
Shader 'Hidden/Universal Render Pipeline/Terrain/Lit (Add Pass)': fallback shader 'Hidden/Universal Render Pipeline/FallbackError' not found
Shader 'Hidden/Universal Render Pipeline/Terrain/Lit (Base Pass)': fallback shader 'Hidden/Universal Render Pipeline/FallbackError' not found
Shader 'Universal Render Pipeline/Particles/Lit': fallback shader 'Universal Render Pipeline/Particles/SimpleLit' not found
Shader 'Universal Render Pipeline/Particles/Lit': fallback shader 'Universal Render Pipeline/Particles/SimpleLit' not found
Refreshing native plugins compatible for Editor in 0.82 ms, found 3 plugins.
Preloading 0 native plugins for Editor in 0.00 ms.
Unloading 3214 Unused Serialized files (Serialized files now loaded: 0)
System memory in use before: 141.5 MB.
System memory in use after: 137.3 MB.

Unloading 72 unused Assets to reduce memory usage. Loaded Objects now: 3630.
Total: 5.442700 ms (FindLiveObjects: 0.498300 ms CreateObjectMapping: 0.192200 ms MarkObjects: 2.964500 ms  DeleteObjects: 1.785000 ms)

AssetImportParameters requested are different than current active one (requested -> active):
  graphicsApiMask: 2230272 -> 2099200
  custom:framework-win-MediaFoundation: 216162199b28c13a410421893ffa2e32 -> 
  custom:video-decoder-ogg-theora: a1e56fd34408186e4bbccfd4996cb3dc -> 
  custom:container-muxer-webm: aa71ff27fc2769a1b78a27578f13a17b -> 
  custom:container-demuxer-webm: 4f35f7cbe854078d1ac9338744f61a02 -> 
  custom:container-demuxer-ogg: 62fdf1f143b41e24485cea50d1cbac27 -> 
  custom:video-encoder-webm-vp8: eb34c28f22e8b96e1ab97ce403110664 -> 
  custom:video-codec-MediaFoundation-h265: 746d11721c4dcdbdad8f713fa42b33f4 -> 
  custom:video-decoder-webm-vp8: 9c59270c3fd7afecdb556c50c9e8de78 -> 
  custom:graphics/normal-map-encoding: 01000000000000000000000000000000 -> 02000000000000000000000000000000
  custom:audio-decoder-ogg-vorbis: bf7c407c2cedff20999df2af8eb42d56 -> 
  custom:audio-encoder-webm-vorbis: bf7c407c2cedff20999df2af8eb42d56 -> 
========================================================================
Received Import Request.
  path: Assets/UniversalRenderPipelineAsset.asset
  artifactKey: Guid(689654190f9d7e94a97b8fb9279e702c) Importer(815301076,1909f56bfc062723c751e8b465ee728b)
Start importing Assets/UniversalRenderPipelineAsset.asset using Guid(689654190f9d7e94a97b8fb9279e702c) Importer(815301076,1909f56bfc062723c751e8b465ee728b)  -> (artifact id: '40f05d8019da9d9fb2f10f1154517ed1') in 0.103407 seconds 
  Import took 0.111435 seconds .

========================================================================
Received Import Request.
  Time since last request: 0.000450 seconds.
  path: Assets/UniversalRenderPipelineAsset_Renderer.asset
  artifactKey: Guid(34d53c46e20214e4abe72afffd5ce199) Importer(815301076,1909f56bfc062723c751e8b465ee728b)
Start importing Assets/UniversalRenderPipelineAsset_Renderer.asset using Guid(34d53c46e20214e4abe72afffd5ce199) Importer(815301076,1909f56bfc062723c751e8b465ee728b)  -> (artifact id: '087bed842c3c40728b90cc667facea28') in 0.041151 seconds 
  Import took 0.049231 seconds .

========================================================================
Received Import Request.
  Time since last request: 25.436660 seconds.
  path: Assets/shader/leafs.asset
  artifactKey: Guid(1dbcc0866ebeea44fb4ee9439b886bd1) Importer(815301076,1909f56bfc062723c751e8b465ee728b)
Start importing Assets/shader/leafs.asset using Guid(1dbcc0866ebeea44fb4ee9439b886bd1) Importer(815301076,1909f56bfc062723c751e8b465ee728b)  -> (artifact id: '99575788cb9e030533a60fbd5609b671') in 0.036423 seconds 
  Import took 0.043168 seconds .

========================================================================
Received Import Request.
  Time since last request: 0.000486 seconds.
  path: Assets/shader/leafs_Renderer.asset
  artifactKey: Guid(aaedcfd8d0960e641bc1c5dbaf11bf0e) Importer(815301076,1909f56bfc062723c751e8b465ee728b)
Start importing Assets/shader/leafs_Renderer.asset using Guid(aaedcfd8d0960e641bc1c5dbaf11bf0e) Importer(815301076,1909f56bfc062723c751e8b465ee728b)  -> (artifact id: 'a9baa76186678ad61381bb62fe28adc3') in 0.038196 seconds 
  Import took 0.044626 seconds .

========================================================================
Received Prepare
Switching render pipeline 00000000000000000000000000000000 -> 1dbcc0866ebeea44fb4ee9439b886bd1
Shader 'Universal Render Pipeline/Particles/Lit': fallback shader 'Universal Render Pipeline/Particles/SimpleLit' not found
Shader 'Universal Render Pipeline/Particles/Lit': fallback shader 'Universal Render Pipeline/Particles/SimpleLit' not found
Refreshing native plugins compatible for Editor in 5.32 ms, found 3 plugins.
Preloading 0 native plugins for Editor in 0.00 ms.
Unloading 118 Unused Serialized files (Serialized files now loaded: 0)
System memory in use before: 84.0 MB.
System memory in use after: 81.0 MB.

Unloading 50 unused Assets to reduce memory usage. Loaded Objects now: 3698.
Total: 5.314900 ms (FindLiveObjects: 0.576100 ms CreateObjectMapping: 0.197100 ms MarkObjects: 3.017600 ms  DeleteObjects: 1.522000 ms)

AssetImportParameters requested are different than current active one (requested -> active):
  graphicsApiMask: 2230272 -> 2099200
  custom:framework-win-MediaFoundation: 216162199b28c13a410421893ffa2e32 -> 
  custom:video-decoder-ogg-theora: a1e56fd34408186e4bbccfd4996cb3dc -> 
  custom:container-muxer-webm: aa71ff27fc2769a1b78a27578f13a17b -> 
  custom:container-demuxer-webm: 4f35f7cbe854078d1ac9338744f61a02 -> 
  custom:container-demuxer-ogg: 62fdf1f143b41e24485cea50d1cbac27 -> 
  custom:video-encoder-webm-vp8: eb34c28f22e8b96e1ab97ce403110664 -> 
  custom:video-codec-MediaFoundation-h265: 746d11721c4dcdbdad8f713fa42b33f4 -> 
  custom:video-decoder-webm-vp8: 9c59270c3fd7afecdb556c50c9e8de78 -> 
  custom:audio-decoder-ogg-vorbis: bf7c407c2cedff20999df2af8eb42d56 -> 
  custom:audio-encoder-webm-vorbis: bf7c407c2cedff20999df2af8eb42d56 -> 
========================================================================
Received Import Request.
  Time since last request: 113.272634 seconds.
  path: Assets/shader/leafs.asset
  artifactKey: Guid(1dbcc0866ebeea44fb4ee9439b886bd1) Importer(815301076,1909f56bfc062723c751e8b465ee728b)
Start importing Assets/shader/leafs.asset using Guid(1dbcc0866ebeea44fb4ee9439b886bd1) Importer(815301076,1909f56bfc062723c751e8b465ee728b)  -> (artifact id: 'b7a0690a2862449393f3371e8f349afb') in 0.004841 seconds 
  Import took 0.010377 seconds .

========================================================================
Received Import Request.
  Time since last request: 0.000386 seconds.
  path: Assets/shader/leafs_Renderer.asset
  artifactKey: Guid(aaedcfd8d0960e641bc1c5dbaf11bf0e) Importer(815301076,1909f56bfc062723c751e8b465ee728b)
Start importing Assets/shader/leafs_Renderer.asset using Guid(aaedcfd8d0960e641bc1c5dbaf11bf0e) Importer(815301076,1909f56bfc062723c751e8b465ee728b)  -> (artifact id: '1f68de7ecc24596e30531c3abf9b7691') in 0.004282 seconds 
  Import took 0.010490 seconds .

========================================================================
Received Prepare
Registering precompiled user dll's ...
Registered in 0.005905 seconds.
Begin MonoManager ReloadAssembly
Native extension for WindowsStandalone target not found
Refreshing native plugins compatible for Editor in 0.72 ms, found 3 plugins.
Preloading 0 native plugins for Editor in 0.00 ms.
Mono: successfully reloaded assembly
- Completed reload, in  1.089 seconds
Domain Reload Profiling:
	ReloadAssembly (1089ms)
		BeginReloadAssembly (142ms)
			ExecutionOrderSort (0ms)
			DisableScriptedObjects (6ms)
			BackupInstance (0ms)
			ReleaseScriptingObjects (0ms)
			CreateAndSetChildDomain (38ms)
		EndReloadAssembly (893ms)
			LoadAssemblies (139ms)
			RebuildTransferFunctionScriptingTraits (0ms)
			SetupTypeCache (317ms)
			ReleaseScriptCaches (2ms)
			RebuildScriptCaches (47ms)
			SetupLoadedEditorAssemblies (294ms)
				LogAssemblyErrors (0ms)
				InitializePlatformSupportModulesInManaged (4ms)
				SetLoadedEditorAssemblies (0ms)
				RefreshPlugins (1ms)
				BeforeProcessingInitializeOnLoad (102ms)
				ProcessInitializeOnLoadAttributes (178ms)
				ProcessInitializeOnLoadMethodAttributes (6ms)
				AfterProcessingInitializeOnLoad (2ms)
				EditorAssembliesLoaded (0ms)
			ExecutionOrderSort2 (0ms)
			AwakeInstancesAfterBackupRestoration (13ms)
Platform modules already initialized, skipping
Switching build target platform(19) subTarget(0) extendedPlatform(0) -> platform(13) subTarget(537395200) extendedPlatform(0)
Switching render pipeline 00000000000000000000000000000000 -> 1dbcc0866ebeea44fb4ee9439b886bd1
Shader 'Universal Render Pipeline/Particles/Lit': fallback shader 'Universal Render Pipeline/Particles/SimpleLit' not found
Shader 'Universal Render Pipeline/Particles/Lit': fallback shader 'Universal Render Pipeline/Particles/SimpleLit' not found
Refreshing native plugins compatible for Editor in 0.73 ms, found 3 plugins.
Preloading 0 native plugins for Editor in 0.00 ms.
Unloading 3195 Unused Serialized files (Serialized files now loaded: 0)
System memory in use before: 142.5 MB.
System memory in use after: 139.8 MB.

Unloading 51 unused Assets to reduce memory usage. Loaded Objects now: 3705.
Total: 4.617700 ms (FindLiveObjects: 0.374100 ms CreateObjectMapping: 0.095800 ms MarkObjects: 2.619500 ms  DeleteObjects: 1.526400 ms)

AssetImportParameters requested are different than current active one (requested -> active):
  graphicsApiMask: 2230272 -> 2099200
  custom:framework-win-MediaFoundation: 216162199b28c13a410421893ffa2e32 -> 
  custom:video-decoder-ogg-theora: a1e56fd34408186e4bbccfd4996cb3dc -> 
  custom:container-muxer-webm: aa71ff27fc2769a1b78a27578f13a17b -> 
  custom:container-demuxer-webm: 4f35f7cbe854078d1ac9338744f61a02 -> 
  custom:container-demuxer-ogg: 62fdf1f143b41e24485cea50d1cbac27 -> 
  custom:video-encoder-webm-vp8: eb34c28f22e8b96e1ab97ce403110664 -> 
  custom:video-codec-MediaFoundation-h265: 746d11721c4dcdbdad8f713fa42b33f4 -> 
  custom:video-decoder-webm-vp8: 9c59270c3fd7afecdb556c50c9e8de78 -> 
  custom:graphics/normal-map-encoding: 01000000000000000000000000000000 -> 02000000000000000000000000000000
  custom:audio-decoder-ogg-vorbis: bf7c407c2cedff20999df2af8eb42d56 -> 
  custom:audio-encoder-webm-vorbis: bf7c407c2cedff20999df2af8eb42d56 -> 
========================================================================
Received Import Request.
  Time since last request: 26.840410 seconds.
  path: Assets/shader/New Shader Graph.shadergraph
  artifactKey: Guid(39f37b29a4552f2428e38bf9890bea0c) Importer(815301076,1909f56bfc062723c751e8b465ee728b)
Start importing Assets/shader/New Shader Graph.shadergraph using Guid(39f37b29a4552f2428e38bf9890bea0c) Importer(815301076,1909f56bfc062723c751e8b465ee728b)  -> (artifact id: '6f9e12a7eeeff65443862febb1f051f7') in 0.021473 seconds 
  Import took 0.029342 seconds .

========================================================================
Received Import Request.
  Time since last request: 0.006181 seconds.
  path: Assets/shader/New Shader Graph.shadergraph
  artifactKey: Guid(39f37b29a4552f2428e38bf9890bea0c) Importer(815301076,1909f56bfc062723c751e8b465ee728b)
Start importing Assets/shader/New Shader Graph.shadergraph using Guid(39f37b29a4552f2428e38bf9890bea0c) Importer(815301076,1909f56bfc062723c751e8b465ee728b)  -> (artifact id: '6f9e12a7eeeff65443862febb1f051f7') in 0.004339 seconds 
  Import took 0.010296 seconds .

========================================================================
Received Import Request.
  Time since last request: 273.134827 seconds.
  path: Assets/shader/New Shader Graph.shadergraph
  artifactKey: Guid(39f37b29a4552f2428e38bf9890bea0c) Importer(815301076,1909f56bfc062723c751e8b465ee728b)
Start importing Assets/shader/New Shader Graph.shadergraph using Guid(39f37b29a4552f2428e38bf9890bea0c) Importer(815301076,1909f56bfc062723c751e8b465ee728b)  -> (artifact id: 'd4a21ef5001afc04ce57c89b656e6f21') in 0.005138 seconds 
  Import took 0.011072 seconds .

========================================================================
Received Import Request.
  Time since last request: 27.071734 seconds.
  path: Assets/shader/New Shader Graph.shadergraph
  artifactKey: Guid(39f37b29a4552f2428e38bf9890bea0c) Importer(815301076,1909f56bfc062723c751e8b465ee728b)
Start importing Assets/shader/New Shader Graph.shadergraph using Guid(39f37b29a4552f2428e38bf9890bea0c) Importer(815301076,1909f56bfc062723c751e8b465ee728b)  -> (artifact id: '212b066752881f5ed8f34f9f4bb45fc2') in 0.005056 seconds 
  Import took 0.010788 seconds .

========================================================================
Received Import Request.
  Time since last request: 133.244910 seconds.
  path: Assets/shader/New Shader Graph.shadergraph
  artifactKey: Guid(39f37b29a4552f2428e38bf9890bea0c) Importer(815301076,1909f56bfc062723c751e8b465ee728b)
Start importing Assets/shader/New Shader Graph.shadergraph using Guid(39f37b29a4552f2428e38bf9890bea0c) Importer(815301076,1909f56bfc062723c751e8b465ee728b)  -> (artifact id: '045d4ffd457662075ec2f437d76b52c5') in 0.005434 seconds 
  Import took 0.011432 seconds .

========================================================================
Received Import Request.
  Time since last request: 308.293658 seconds.
  path: Assets/shader/New Shader Graph.shadergraph
  artifactKey: Guid(39f37b29a4552f2428e38bf9890bea0c) Importer(815301076,1909f56bfc062723c751e8b465ee728b)
Start importing Assets/shader/New Shader Graph.shadergraph using Guid(39f37b29a4552f2428e38bf9890bea0c) Importer(815301076,1909f56bfc062723c751e8b465ee728b)  -> (artifact id: '3d1d027dd627afa369e1a9ddcb4934bc') in 0.004821 seconds 
  Import took 0.010667 seconds .

========================================================================
Received Import Request.
  Time since last request: 0.250209 seconds.
  path: Assets/shader/New Shader Graph.shadergraph
  artifactKey: Guid(39f37b29a4552f2428e38bf9890bea0c) Importer(815301076,1909f56bfc062723c751e8b465ee728b)
Start importing Assets/shader/New Shader Graph.shadergraph using Guid(39f37b29a4552f2428e38bf9890bea0c) Importer(815301076,1909f56bfc062723c751e8b465ee728b)  -> (artifact id: '3d1d027dd627afa369e1a9ddcb4934bc') in 0.004520 seconds 
  Import took 0.010309 seconds .

========================================================================
Received Import Request.
  Time since last request: 11.983374 seconds.
  path: Assets/shader/New Shader Graph.shadergraph
  artifactKey: Guid(39f37b29a4552f2428e38bf9890bea0c) Importer(815301076,1909f56bfc062723c751e8b465ee728b)
Start importing Assets/shader/New Shader Graph.shadergraph using Guid(39f37b29a4552f2428e38bf9890bea0c) Importer(815301076,1909f56bfc062723c751e8b465ee728b)  -> (artifact id: '64b48f1bae7dae02237384e6303e1526') in 0.004639 seconds 
  Import took 0.010139 seconds .

========================================================================
Received Import Request.
  Time since last request: 60.910198 seconds.
  path: Assets/shader/New Shader Graph.shadergraph
  artifactKey: Guid(39f37b29a4552f2428e38bf9890bea0c) Importer(815301076,1909f56bfc062723c751e8b465ee728b)
Start importing Assets/shader/New Shader Graph.shadergraph using Guid(39f37b29a4552f2428e38bf9890bea0c) Importer(815301076,1909f56bfc062723c751e8b465ee728b)  -> (artifact id: '1aa59cbf61a6b13427e97aff5265667e') in 0.006141 seconds 
  Import took 0.012580 seconds .

========================================================================
Received Import Request.
  Time since last request: 265.390541 seconds.
  path: Assets/shader/New 2D Renderer Data.asset
  artifactKey: Guid(3fa2f308c5237684e845d2fe78dedd62) Importer(815301076,1909f56bfc062723c751e8b465ee728b)
Start importing Assets/shader/New 2D Renderer Data.asset using Guid(3fa2f308c5237684e845d2fe78dedd62) Importer(815301076,1909f56bfc062723c751e8b465ee728b)  -> (artifact id: '5bc74bcb1a47ad9ef4496c11ba7c77ab') in 0.013413 seconds 
  Import took 0.019393 seconds .

========================================================================
Received Import Request.
  Time since last request: 0.036195 seconds.
  path: Assets/shader/New 2D Renderer Data.asset
  artifactKey: Guid(3fa2f308c5237684e845d2fe78dedd62) Importer(815301076,1909f56bfc062723c751e8b465ee728b)
Start importing Assets/shader/New 2D Renderer Data.asset using Guid(3fa2f308c5237684e845d2fe78dedd62) Importer(815301076,1909f56bfc062723c751e8b465ee728b)  -> (artifact id: '5bc74bcb1a47ad9ef4496c11ba7c77ab') in 0.009055 seconds 
  Import took 0.014968 seconds .

========================================================================
Received Prepare
Shader 'Universal Render Pipeline/Particles/Lit': fallback shader 'Universal Render Pipeline/Particles/SimpleLit' not found
Shader 'Universal Render Pipeline/Particles/Lit': fallback shader 'Universal Render Pipeline/Particles/SimpleLit' not found
Refreshing native plugins compatible for Editor in 5.92 ms, found 3 plugins.
Preloading 0 native plugins for Editor in 0.00 ms.
Unloading 49 Unused Serialized files (Serialized files now loaded: 0)
System memory in use before: 81.0 MB.
System memory in use after: 78.2 MB.

Unloading 49 unused Assets to reduce memory usage. Loaded Objects now: 3705.
Total: 5.601000 ms (FindLiveObjects: 0.463600 ms CreateObjectMapping: 0.099900 ms MarkObjects: 3.317500 ms  DeleteObjects: 1.718500 ms)

AssetImportParameters requested are different than current active one (requested -> active):
  graphicsApiMask: 2230272 -> 2099200
  custom:framework-win-MediaFoundation: 216162199b28c13a410421893ffa2e32 -> 
  custom:video-decoder-ogg-theora: a1e56fd34408186e4bbccfd4996cb3dc -> 
  custom:container-muxer-webm: aa71ff27fc2769a1b78a27578f13a17b -> 
  custom:container-demuxer-webm: 4f35f7cbe854078d1ac9338744f61a02 -> 
  custom:container-demuxer-ogg: 62fdf1f143b41e24485cea50d1cbac27 -> 
  custom:video-encoder-webm-vp8: eb34c28f22e8b96e1ab97ce403110664 -> 
  custom:video-codec-MediaFoundation-h265: 746d11721c4dcdbdad8f713fa42b33f4 -> 
  custom:video-decoder-webm-vp8: 9c59270c3fd7afecdb556c50c9e8de78 -> 
  custom:audio-decoder-ogg-vorbis: bf7c407c2cedff20999df2af8eb42d56 -> 
  custom:audio-encoder-webm-vorbis: bf7c407c2cedff20999df2af8eb42d56 -> 
========================================================================
Received Import Request.
  Time since last request: 6.625215 seconds.
  path: Assets/shader/New Shader Graph.shadergraph
  artifactKey: Guid(39f37b29a4552f2428e38bf9890bea0c) Importer(815301076,1909f56bfc062723c751e8b465ee728b)
Start importing Assets/shader/New Shader Graph.shadergraph using Guid(39f37b29a4552f2428e38bf9890bea0c) Importer(815301076,1909f56bfc062723c751e8b465ee728b)  -> (artifact id: 'feb42ab690ff1d455f113494149fe14c') in 0.004843 seconds 
  Import took 0.010478 seconds .

========================================================================
Received Import Request.
  Time since last request: 11.025027 seconds.
  path: Assets/shader/New 2D Renderer Data.asset
  artifactKey: Guid(3fa2f308c5237684e845d2fe78dedd62) Importer(815301076,1909f56bfc062723c751e8b465ee728b)
Start importing Assets/shader/New 2D Renderer Data.asset using Guid(3fa2f308c5237684e845d2fe78dedd62) Importer(815301076,1909f56bfc062723c751e8b465ee728b)  -> (artifact id: '721b516c8ade34976b509c10290dd6ce') in 0.010411 seconds 
  Import took 0.016627 seconds .

========================================================================
Received Import Request.
  Time since last request: 0.038411 seconds.
  path: Assets/shader/New 2D Renderer Data.asset
  artifactKey: Guid(3fa2f308c5237684e845d2fe78dedd62) Importer(815301076,1909f56bfc062723c751e8b465ee728b)
Start importing Assets/shader/New 2D Renderer Data.asset using Guid(3fa2f308c5237684e845d2fe78dedd62) Importer(815301076,1909f56bfc062723c751e8b465ee728b)  -> (artifact id: '721b516c8ade34976b509c10290dd6ce') in 0.009181 seconds 
  Import took 0.015481 seconds .

========================================================================
Received Import Request.
  Time since last request: 55.157282 seconds.
  path: Assets/shader/UniversalRenderPipelineAsset.asset
  artifactKey: Guid(3109366e7c46fa148ab74e433a230628) Importer(815301076,1909f56bfc062723c751e8b465ee728b)
Start importing Assets/shader/UniversalRenderPipelineAsset.asset using Guid(3109366e7c46fa148ab74e433a230628) Importer(815301076,1909f56bfc062723c751e8b465ee728b)  -> (artifact id: 'b61f5f1697ae217fb848ac31562807d5') in 0.004992 seconds 
  Import took 0.010773 seconds .

========================================================================
Received Import Request.
  Time since last request: 0.000318 seconds.
  path: Assets/shader/UniversalRenderPipelineAsset_Renderer.asset
  artifactKey: Guid(b7f5e3cb71a6c854cbaa9466e4b3431b) Importer(815301076,1909f56bfc062723c751e8b465ee728b)
Start importing Assets/shader/UniversalRenderPipelineAsset_Renderer.asset using Guid(b7f5e3cb71a6c854cbaa9466e4b3431b) Importer(815301076,1909f56bfc062723c751e8b465ee728b)  -> (artifact id: '3d3be0da0d206f4e0d049554797cdc8a') in 0.005004 seconds 
  Import took 0.010692 seconds .

========================================================================
Received Prepare
Switching render pipeline 00000000000000000000000000000000 -> 3109366e7c46fa148ab74e433a230628
Shader 'Universal Render Pipeline/Particles/Lit': fallback shader 'Universal Render Pipeline/Particles/SimpleLit' not found
Shader 'Universal Render Pipeline/Particles/Lit': fallback shader 'Universal Render Pipeline/Particles/SimpleLit' not found
Refreshing native plugins compatible for Editor in 5.34 ms, found 3 plugins.
Preloading 0 native plugins for Editor in 0.00 ms.
Unloading 51 Unused Serialized files (Serialized files now loaded: 0)
System memory in use before: 80.7 MB.
System memory in use after: 77.9 MB.

Unloading 49 unused Assets to reduce memory usage. Loaded Objects now: 3707.
Total: 4.904200 ms (FindLiveObjects: 0.372100 ms CreateObjectMapping: 0.096900 ms MarkObjects: 2.811800 ms  DeleteObjects: 1.622000 ms)

AssetImportParameters requested are different than current active one (requested -> active):
  graphicsApiMask: 2230272 -> 2099200
  custom:framework-win-MediaFoundation: 216162199b28c13a410421893ffa2e32 -> 
  custom:video-decoder-ogg-theora: a1e56fd34408186e4bbccfd4996cb3dc -> 
  custom:container-muxer-webm: aa71ff27fc2769a1b78a27578f13a17b -> 
  custom:container-demuxer-webm: 4f35f7cbe854078d1ac9338744f61a02 -> 
  custom:container-demuxer-ogg: 62fdf1f143b41e24485cea50d1cbac27 -> 
  custom:video-encoder-webm-vp8: eb34c28f22e8b96e1ab97ce403110664 -> 
  custom:video-codec-MediaFoundation-h265: 746d11721c4dcdbdad8f713fa42b33f4 -> 
  custom:video-decoder-webm-vp8: 9c59270c3fd7afecdb556c50c9e8de78 -> 
  custom:audio-decoder-ogg-vorbis: bf7c407c2cedff20999df2af8eb42d56 -> 
  custom:audio-encoder-webm-vorbis: bf7c407c2cedff20999df2af8eb42d56 -> 
========================================================================
Received Import Request.
  Time since last request: 24.602358 seconds.
  path: Assets/shader/New 2D Renderer Data.asset
  artifactKey: Guid(3fa2f308c5237684e845d2fe78dedd62) Importer(815301076,1909f56bfc062723c751e8b465ee728b)
Start importing Assets/shader/New 2D Renderer Data.asset using Guid(3fa2f308c5237684e845d2fe78dedd62) Importer(815301076,1909f56bfc062723c751e8b465ee728b)  -> (artifact id: 'e0acbd5d7b5ec91e3e6c0db245de8215') in 0.010765 seconds 
  Import took 0.016744 seconds .

========================================================================
Received Import Request.
  Time since last request: 0.038354 seconds.
  path: Assets/shader/New 2D Renderer Data.asset
  artifactKey: Guid(3fa2f308c5237684e845d2fe78dedd62) Importer(815301076,1909f56bfc062723c751e8b465ee728b)
Start importing Assets/shader/New 2D Renderer Data.asset using Guid(3fa2f308c5237684e845d2fe78dedd62) Importer(815301076,1909f56bfc062723c751e8b465ee728b)  -> (artifact id: 'e0acbd5d7b5ec91e3e6c0db245de8215') in 0.008460 seconds 
  Import took 0.014570 seconds .

========================================================================
Received Import Request.
  Time since last request: 0.569367 seconds.
  path: Assets/shader/UniversalRenderPipelineAsset_Renderer.asset
  artifactKey: Guid(b7f5e3cb71a6c854cbaa9466e4b3431b) Importer(815301076,1909f56bfc062723c751e8b465ee728b)
Start importing Assets/shader/UniversalRenderPipelineAsset_Renderer.asset using Guid(b7f5e3cb71a6c854cbaa9466e4b3431b) Importer(815301076,1909f56bfc062723c751e8b465ee728b)  -> (artifact id: '2a5e217e4c91e945063f5be0cf566bbd') in 0.004162 seconds 
  Import took 0.009863 seconds .

========================================================================
Received Import Request.
  Time since last request: 2.348611 seconds.
  path: Assets/shader/UniversalRenderPipelineAsset.asset
  artifactKey: Guid(3109366e7c46fa148ab74e433a230628) Importer(815301076,1909f56bfc062723c751e8b465ee728b)
Start importing Assets/shader/UniversalRenderPipelineAsset.asset using Guid(3109366e7c46fa148ab74e433a230628) Importer(815301076,1909f56bfc062723c751e8b465ee728b)  -> (artifact id: '27e498e8c8e4b6fe1a383b0b027e19e5') in 0.004868 seconds 
  Import took 0.010390 seconds .

========================================================================
Received Import Request.
  Time since last request: 0.014931 seconds.
  path: Assets/shader/UniversalRenderPipelineAsset.asset
  artifactKey: Guid(3109366e7c46fa148ab74e433a230628) Importer(815301076,1909f56bfc062723c751e8b465ee728b)
Start importing Assets/shader/UniversalRenderPipelineAsset.asset using Guid(3109366e7c46fa148ab74e433a230628) Importer(815301076,1909f56bfc062723c751e8b465ee728b)  -> (artifact id: '27e498e8c8e4b6fe1a383b0b027e19e5') in 0.004528 seconds 
  Import took 0.010101 seconds .

========================================================================
Received Prepare
Switching render pipeline 00000000000000000000000000000000 -> 3109366e7c46fa148ab74e433a230628
Shader 'Universal Render Pipeline/Particles/Lit': fallback shader 'Universal Render Pipeline/Particles/SimpleLit' not found
Shader 'Universal Render Pipeline/Particles/Lit': fallback shader 'Universal Render Pipeline/Particles/SimpleLit' not found
Refreshing native plugins compatible for Editor in 5.32 ms, found 3 plugins.
Preloading 0 native plugins for Editor in 0.00 ms.
Unloading 50 Unused Serialized files (Serialized files now loaded: 0)
System memory in use before: 80.6 MB.
System memory in use after: 77.9 MB.

Unloading 49 unused Assets to reduce memory usage. Loaded Objects now: 3708.
Total: 4.927900 ms (FindLiveObjects: 0.350400 ms CreateObjectMapping: 0.094800 ms MarkObjects: 2.800300 ms  DeleteObjects: 1.681100 ms)

AssetImportParameters requested are different than current active one (requested -> active):
  graphicsApiMask: 2230272 -> 2099200
  custom:framework-win-MediaFoundation: 216162199b28c13a410421893ffa2e32 -> 
  custom:video-decoder-ogg-theora: a1e56fd34408186e4bbccfd4996cb3dc -> 
  custom:container-muxer-webm: aa71ff27fc2769a1b78a27578f13a17b -> 
  custom:container-demuxer-webm: 4f35f7cbe854078d1ac9338744f61a02 -> 
  custom:container-demuxer-ogg: 62fdf1f143b41e24485cea50d1cbac27 -> 
  custom:srp/default-shader: 0000e00a000e0de00000e000e02d0000 -> 0000e00a000e0de00000e000e0000000
  custom:video-encoder-webm-vp8: eb34c28f22e8b96e1ab97ce403110664 -> 
  custom:video-codec-MediaFoundation-h265: 746d11721c4dcdbdad8f713fa42b33f4 -> 
  custom:video-decoder-webm-vp8: 9c59270c3fd7afecdb556c50c9e8de78 -> 
  custom:audio-decoder-ogg-vorbis: bf7c407c2cedff20999df2af8eb42d56 -> 
  custom:audio-encoder-webm-vorbis: bf7c407c2cedff20999df2af8eb42d56 -> 
========================================================================
Received Import Request.
  Time since last request: 40.351935 seconds.
  path: Assets/shader/New Shader Graph.shadergraph
  artifactKey: Guid(39f37b29a4552f2428e38bf9890bea0c) Importer(815301076,1909f56bfc062723c751e8b465ee728b)
Start importing Assets/shader/New Shader Graph.shadergraph using Guid(39f37b29a4552f2428e38bf9890bea0c) Importer(815301076,1909f56bfc062723c751e8b465ee728b)  -> (artifact id: '43dc74dac5f15f2ce3858519f4d5e081') in 0.005158 seconds 
  Import took 0.011312 seconds .

========================================================================
Received Import Request.
  Time since last request: 232.914783 seconds.
  path: Assets/shader/New Shader Graph.shadergraph
  artifactKey: Guid(39f37b29a4552f2428e38bf9890bea0c) Importer(815301076,1909f56bfc062723c751e8b465ee728b)
Start importing Assets/shader/New Shader Graph.shadergraph using Guid(39f37b29a4552f2428e38bf9890bea0c) Importer(815301076,1909f56bfc062723c751e8b465ee728b)  -> (artifact id: 'de45c69600d91492827020eaaa420af4') in 0.004938 seconds 
  Import took 0.010631 seconds .

========================================================================
Received Import Request.
  Time since last request: 1369.643016 seconds.
  path: Assets/ico.png
  artifactKey: Guid(b66159ad668f0f343a0a6674ffb970cc) Importer(815301076,1909f56bfc062723c751e8b465ee728b)
Start importing Assets/ico.png using Guid(b66159ad668f0f343a0a6674ffb970cc) Importer(815301076,1909f56bfc062723c751e8b465ee728b)  -> (artifact id: 'c712504303de06665598ba5453525b6d') in 0.086876 seconds 
  Import took 0.092909 seconds .

========================================================================
Received Prepare
Shader 'Universal Render Pipeline/Particles/Lit': fallback shader 'Universal Render Pipeline/Particles/SimpleLit' not found
Shader 'Universal Render Pipeline/Particles/Lit': fallback shader 'Universal Render Pipeline/Particles/SimpleLit' not found
Refreshing native plugins compatible for Editor in 5.73 ms, found 3 plugins.
Preloading 0 native plugins for Editor in 0.00 ms.
Unloading 50 Unused Serialized files (Serialized files now loaded: 0)
System memory in use before: 84.5 MB.
System memory in use after: 81.5 MB.

Unloading 50 unused Assets to reduce memory usage. Loaded Objects now: 3714.
Total: 5.197100 ms (FindLiveObjects: 0.371300 ms CreateObjectMapping: 0.094100 ms MarkObjects: 3.051200 ms  DeleteObjects: 1.679300 ms)

AssetImportParameters requested are different than current active one (requested -> active):
  graphicsApiMask: 2230272 -> 2099200
  custom:framework-win-MediaFoundation: 216162199b28c13a410421893ffa2e32 -> 
  custom:video-decoder-ogg-theora: a1e56fd34408186e4bbccfd4996cb3dc -> 
  custom:container-muxer-webm: aa71ff27fc2769a1b78a27578f13a17b -> 
  custom:container-demuxer-webm: 4f35f7cbe854078d1ac9338744f61a02 -> 
  custom:container-demuxer-ogg: 62fdf1f143b41e24485cea50d1cbac27 -> 
  custom:video-encoder-webm-vp8: eb34c28f22e8b96e1ab97ce403110664 -> 
  custom:video-codec-MediaFoundation-h265: 746d11721c4dcdbdad8f713fa42b33f4 -> 
  custom:video-decoder-webm-vp8: 9c59270c3fd7afecdb556c50c9e8de78 -> 
  custom:audio-decoder-ogg-vorbis: bf7c407c2cedff20999df2af8eb42d56 -> 
  custom:audio-encoder-webm-vorbis: bf7c407c2cedff20999df2af8eb42d56 -> 
========================================================================
Received Import Request.
  Time since last request: 19.429516 seconds.
  path: Assets/shader/NewSurfaceShader.shader
  artifactKey: Guid(57a3221682a85534da0f810053dd97eb) Importer(815301076,1909f56bfc062723c751e8b465ee728b)
Start importing Assets/shader/NewSurfaceShader.shader using Guid(57a3221682a85534da0f810053dd97eb) Importer(815301076,1909f56bfc062723c751e8b465ee728b)  -> (artifact id: '3b23e7d18f71fea972076ef47d2c7e12') in 0.008765 seconds 
  Import took 0.015673 seconds .

========================================================================
Received Import Request.
  Time since last request: 4.851797 seconds.
  path: Assets/shader/NewSurfaceShader.shader
  artifactKey: Guid(57a3221682a85534da0f810053dd97eb) Importer(815301076,1909f56bfc062723c751e8b465ee728b)
Start importing Assets/shader/NewSurfaceShader.shader using Guid(57a3221682a85534da0f810053dd97eb) Importer(815301076,1909f56bfc062723c751e8b465ee728b)  -> (artifact id: 'fb21429b6ec115978167e9d871d4e164') in 0.004016 seconds 
  Import took 0.009447 seconds .

========================================================================
Received Prepare
Registering precompiled user dll's ...
Registered in 0.005346 seconds.
Begin MonoManager ReloadAssembly
Native extension for WindowsStandalone target not found
Refreshing native plugins compatible for Editor in 0.73 ms, found 3 plugins.
Preloading 0 native plugins for Editor in 0.00 ms.
Mono: successfully reloaded assembly
- Completed reload, in  1.166 seconds
Domain Reload Profiling:
	ReloadAssembly (1167ms)
		BeginReloadAssembly (184ms)
			ExecutionOrderSort (0ms)
			DisableScriptedObjects (6ms)
			BackupInstance (0ms)
			ReleaseScriptingObjects (0ms)
			CreateAndSetChildDomain (59ms)
		EndReloadAssembly (927ms)
			LoadAssemblies (144ms)
			RebuildTransferFunctionScriptingTraits (0ms)
			SetupTypeCache (326ms)
			ReleaseScriptCaches (2ms)
			RebuildScriptCaches (48ms)
			SetupLoadedEditorAssemblies (309ms)
				LogAssemblyErrors (0ms)
				InitializePlatformSupportModulesInManaged (4ms)
				SetLoadedEditorAssemblies (1ms)
				RefreshPlugins (1ms)
				BeforeProcessingInitializeOnLoad (104ms)
				ProcessInitializeOnLoadAttributes (190ms)
				ProcessInitializeOnLoadMethodAttributes (7ms)
				AfterProcessingInitializeOnLoad (2ms)
				EditorAssembliesLoaded (0ms)
			ExecutionOrderSort2 (0ms)
			AwakeInstancesAfterBackupRestoration (15ms)
Platform modules already initialized, skipping
Switching build target platform(19) subTarget(0) extendedPlatform(0) -> platform(13) subTarget(537395200) extendedPlatform(0)
Shader 'Universal Render Pipeline/Particles/Lit': fallback shader 'Universal Render Pipeline/Particles/SimpleLit' not found
Shader 'Universal Render Pipeline/Particles/Lit': fallback shader 'Universal Render Pipeline/Particles/SimpleLit' not found
Refreshing native plugins compatible for Editor in 0.70 ms, found 3 plugins.
Preloading 0 native plugins for Editor in 0.00 ms.
Unloading 3193 Unused Serialized files (Serialized files now loaded: 0)
System memory in use before: 145.6 MB.
System memory in use after: 142.9 MB.

Unloading 51 unused Assets to reduce memory usage. Loaded Objects now: 3718.
Total: 4.837300 ms (FindLiveObjects: 0.442900 ms CreateObjectMapping: 0.196300 ms MarkObjects: 2.757800 ms  DeleteObjects: 1.438300 ms)

AssetImportParameters requested are different than current active one (requested -> active):
  graphicsApiMask: 2230272 -> 2099200
  custom:framework-win-MediaFoundation: 216162199b28c13a410421893ffa2e32 -> 
  custom:video-decoder-ogg-theora: a1e56fd34408186e4bbccfd4996cb3dc -> 
  custom:container-muxer-webm: aa71ff27fc2769a1b78a27578f13a17b -> 
  custom:container-demuxer-webm: 4f35f7cbe854078d1ac9338744f61a02 -> 
  custom:container-demuxer-ogg: 62fdf1f143b41e24485cea50d1cbac27 -> 
  custom:video-encoder-webm-vp8: eb34c28f22e8b96e1ab97ce403110664 -> 
  custom:video-codec-MediaFoundation-h265: 746d11721c4dcdbdad8f713fa42b33f4 -> 
  custom:video-decoder-webm-vp8: 9c59270c3fd7afecdb556c50c9e8de78 -> 
  custom:graphics/normal-map-encoding: 01000000000000000000000000000000 -> 02000000000000000000000000000000
  custom:audio-decoder-ogg-vorbis: bf7c407c2cedff20999df2af8eb42d56 -> 
  custom:audio-encoder-webm-vorbis: bf7c407c2cedff20999df2af8eb42d56 -> 
========================================================================
Received Prepare
Shader 'Universal Render Pipeline/Particles/Lit': fallback shader 'Universal Render Pipeline/Particles/SimpleLit' not found
Shader 'Universal Render Pipeline/Particles/Lit': fallback shader 'Universal Render Pipeline/Particles/SimpleLit' not found
Refreshing native plugins compatible for Editor in 5.10 ms, found 3 plugins.
Preloading 0 native plugins for Editor in 0.00 ms.
Unloading 49 Unused Serialized files (Serialized files now loaded: 0)
System memory in use before: 83.8 MB.
System memory in use after: 81.1 MB.

Unloading 49 unused Assets to reduce memory usage. Loaded Objects now: 3718.
Total: 4.580700 ms (FindLiveObjects: 0.362500 ms CreateObjectMapping: 0.094100 ms MarkObjects: 2.691300 ms  DeleteObjects: 1.430500 ms)

AssetImportParameters requested are different than current active one (requested -> active):
  graphicsApiMask: 2230272 -> 2099200
  custom:framework-win-MediaFoundation: 216162199b28c13a410421893ffa2e32 -> 
  custom:video-decoder-ogg-theora: a1e56fd34408186e4bbccfd4996cb3dc -> 
  custom:container-muxer-webm: aa71ff27fc2769a1b78a27578f13a17b -> 
  custom:container-demuxer-webm: 4f35f7cbe854078d1ac9338744f61a02 -> 
  custom:container-demuxer-ogg: 62fdf1f143b41e24485cea50d1cbac27 -> 
  custom:video-encoder-webm-vp8: eb34c28f22e8b96e1ab97ce403110664 -> 
  custom:video-codec-MediaFoundation-h265: 746d11721c4dcdbdad8f713fa42b33f4 -> 
  custom:video-decoder-webm-vp8: 9c59270c3fd7afecdb556c50c9e8de78 -> 
  custom:audio-decoder-ogg-vorbis: bf7c407c2cedff20999df2af8eb42d56 -> 
  custom:audio-encoder-webm-vorbis: bf7c407c2cedff20999df2af8eb42d56 -> 
========================================================================
Received Import Request.
  Time since last request: 58.424765 seconds.
  path: Assets/shader/leafs.mat
  artifactKey: Guid(04553896e5b087c458a6bfd9b5eab9f9) Importer(815301076,1909f56bfc062723c751e8b465ee728b)
Start importing Assets/shader/leafs.mat using Guid(04553896e5b087c458a6bfd9b5eab9f9) Importer(815301076,1909f56bfc062723c751e8b465ee728b)  -> (artifact id: '2a8fc534dd5b74ebb7a93444d337f77a') in 0.066864 seconds 
  Import took 0.072732 seconds .

========================================================================
Received Import Request.
  Time since last request: 0.000423 seconds.
  path: Assets/shader/UniversalRenderPipelineAsset.asset
  artifactKey: Guid(3109366e7c46fa148ab74e433a230628) Importer(815301076,1909f56bfc062723c751e8b465ee728b)
Start importing Assets/shader/UniversalRenderPipelineAsset.asset using Guid(3109366e7c46fa148ab74e433a230628) Importer(815301076,1909f56bfc062723c751e8b465ee728b)  -> (artifact id: 'e6897af69bfaeda5843132b2a1aa1f5b') in 0.014853 seconds 
  Import took 0.020661 seconds .

========================================================================
Received Import Request.
  Time since last request: 0.372680 seconds.
  path: Assets/shader/leafs.mat
  artifactKey: Guid(04553896e5b087c458a6bfd9b5eab9f9) Importer(815301076,1909f56bfc062723c751e8b465ee728b)
Start importing Assets/shader/leafs.mat using Guid(04553896e5b087c458a6bfd9b5eab9f9) Importer(815301076,1909f56bfc062723c751e8b465ee728b)  -> (artifact id: '2a8fc534dd5b74ebb7a93444d337f77a') in 0.011652 seconds 
  Import took 0.017479 seconds .

AssetImportWorkerClient::OnTransportError - code=2 error=End of file
